
> runcoach@0.1.0 build
> vite build

X [ERROR] Unexpected "*"

    vite.config.js:46:27:
      46 │         globPatterns: ['**/*.{ js, css, html, ico, png, svg }'],
         ╵                            ^

[31mfailed to load config from C:\Users\Oyvin\Documents\GitHub\smart-training-planner\vite.config.js[39m
[31merror during build:
Error: Build failed with 1 error:
vite.config.js:46:27: ERROR: Unexpected "*"
    at failureErrorWithLog (C:\Users\Oyvin\Documents\GitHub\smart-training-planner\node_modules\esbuild\lib\main.js:1472:15)
    at C:\Users\Oyvin\Documents\GitHub\smart-training-planner\node_modules\esbuild\lib\main.js:945:25
    at runOnEndCallbacks (C:\Users\Oyvin\Documents\GitHub\smart-training-planner\node_modules\esbuild\lib\main.js:1315:45)
    at buildResponseToResult (C:\Users\Oyvin\Documents\GitHub\smart-training-planner\node_modules\esbuild\lib\main.js:943:7)
    at C:\Users\Oyvin\Documents\GitHub\smart-training-planner\node_modules\esbuild\lib\main.js:970:16
    at responseCallbacks.<computed> (C:\Users\Oyvin\Documents\GitHub\smart-training-planner\node_modules\esbuild\lib\main.js:622:9)
    at handleIncomingPacket (C:\Users\Oyvin\Documents\GitHub\smart-training-planner\node_modules\esbuild\lib\main.js:677:12)
    at Socket.readFromStdout (C:\Users\Oyvin\Documents\GitHub\smart-training-planner\node_modules\esbuild\lib\main.js:600:7)
    at Socket.emit (node:events:508:28)
    at addChunk (node:internal/streams/readable:559:12)[39m
