
> runcoach@0.1.0 build
> vite build

[36mvite v5.4.21 [32mbuilding for production...[36m[39m
transforming...
[32m✓[39m 31 modules transformed.
[31mx[39m Build failed in 883ms
[31merror during build:
[31m[vite:esbuild] Transform failed with 3 errors:
C:/Users/Oyvin/Documents/GitHub/smart-training-planner/src/components/planning/AIPlanner.jsx:5:9: ERROR: The symbol "generateTrainingPlan" has already been declared
C:/Users/Oyvin/Documents/GitHub/smart-training-planner/src/components/planning/AIPlanner.jsx:5:31: ERROR: The symbol "generateTrainingPlanChunk" has already been declared
C:/Users/Oyvin/Documents/GitHub/smart-training-planner/src/components/planning/AIPlanner.jsx:5:58: ERROR: The symbol "generateNextChunk" has already been declared[31m
file: [36mC:/Users/Oyvin/Documents/GitHub/smart-training-planner/src/components/planning/AIPlanner.jsx:5:9[31m
[33m
[33mThe symbol "generateTrainingPlan" has already been declared[33m
3  |  import { useWorkouts } from '../../hooks/useWorkouts'
4  |  import { generateTrainingPlan, generateTrainingPlanChunk, generateNextChunk } from '../../services/aiService'
5  |  import { generateTrainingPlan, generateTrainingPlanChunk, generateNextChunk } from '../../services/aiService'
   |           ^
6  |  import { connectToStrava, getRecentActivities, handleStravaCallback } from '../../services/stravaService'
7  |  import { getWorkoutType } from '../../data/workoutTypes'

[33mThe symbol "generateTrainingPlanChunk" has already been declared[33m
3  |  import { useWorkouts } from '../../hooks/useWorkouts'
4  |  import { generateTrainingPlan, generateTrainingPlanChunk, generateNextChunk } from '../../services/aiService'
5  |  import { generateTrainingPlan, generateTrainingPlanChunk, generateNextChunk } from '../../services/aiService'
   |                                 ^
6  |  import { connectToStrava, getRecentActivities, handleStravaCallback } from '../../services/stravaService'
7  |  import { getWorkoutType } from '../../data/workoutTypes'

[33mThe symbol "generateNextChunk" has already been declared[33m
3  |  import { useWorkouts } from '../../hooks/useWorkouts'
4  |  import { generateTrainingPlan, generateTrainingPlanChunk, generateNextChunk } from '../../services/aiService'
5  |  import { generateTrainingPlan, generateTrainingPlanChunk, generateNextChunk } from '../../services/aiService'
   |                                                            ^
6  |  import { connectToStrava, getRecentActivities, handleStravaCallback } from '../../services/stravaService'
7  |  import { getWorkoutType } from '../../data/workoutTypes'
[31m
    at failureErrorWithLog (C:\Users\Oyvin\Documents\GitHub\smart-training-planner\node_modules\esbuild\lib\main.js:1472:15)
    at C:\Users\Oyvin\Documents\GitHub\smart-training-planner\node_modules\esbuild\lib\main.js:755:50
    at responseCallbacks.<computed> (C:\Users\Oyvin\Documents\GitHub\smart-training-planner\node_modules\esbuild\lib\main.js:622:9)
    at handleIncomingPacket (C:\Users\Oyvin\Documents\GitHub\smart-training-planner\node_modules\esbuild\lib\main.js:677:12)
    at Socket.readFromStdout (C:\Users\Oyvin\Documents\GitHub\smart-training-planner\node_modules\esbuild\lib\main.js:600:7)
    at Socket.emit (node:events:508:28)
    at addChunk (node:internal/streams/readable:559:12)
    at readableAddChunkPushByteMode (node:internal/streams/readable:510:3)
    at Readable.push (node:internal/streams/readable:390:5)
    at Pipe.onStreamRead (node:internal/stream_base_commons:189:23)[39m
