
> runcoach@0.1.0 build
> vite build

[36mvite v5.4.21 [32mbuilding for production...[36m[39m
transforming...
[32m✓[39m 3 modules transformed.

PWA v0.19.8
mode      generateSW
precache  53 entries (2147.24 KiB)
files generated
  dist/sw.js
  dist/workbox-b51dd497.js
[31mx[39m Build failed in 5.50s
[31merror during build:
[31m[vite-plugin-pwa:build] [plugin vite-plugin-pwa:build] src/index.css (undefined:NaN): There was an error during the build:
  [postcss] Unexpected token, expected "," (67:3)
Additionally, handling the error in the 'buildEnd' hook caused the following error:
  [postcss] Unexpected token, expected "," (67:3)[31m
file: [36mC:/Users/Oyvin/Documents/GitHub/smart-training-planner/src/index.css:undefined:NaN[31m
    at getRollupError (file:///C:/Users/Oyvin/Documents/GitHub/smart-training-planner/node_modules/rollup/dist/es/shared/parseAst.js:401:41)
    at file:///C:/Users/Oyvin/Documents/GitHub/smart-training-planner/node_modules/rollup/dist/es/shared/node-entry.js:23463:39
    at async catchUnfinishedHookActions (file:///C:/Users/Oyvin/Documents/GitHub/smart-training-planner/node_modules/rollup/dist/es/shared/node-entry.js:22921:16)
    at async rollupInternal (file:///C:/Users/Oyvin/Documents/GitHub/smart-training-planner/node_modules/rollup/dist/es/shared/node-entry.js:23446:5)
    at async build (file:///C:/Users/Oyvin/Documents/GitHub/smart-training-planner/node_modules/vite/dist/node/chunks/dep-BK3b2jBa.js:65709:14)
    at async CAC.<anonymous> (file:///C:/Users/Oyvin/Documents/GitHub/smart-training-planner/node_modules/vite/dist/node/cli.js:829:5)[39m
